c:\users\usuario\documents\drakhtar\drakhtar\debug\vc141.pdb
c:\users\usuario\documents\drakhtar\drakhtar\debug\vc141.idb
c:\users\usuario\documents\drakhtar\drakhtar\debug\texture.obj
c:\users\usuario\documents\drakhtar\drakhtar\debug\text.obj
c:\users\usuario\documents\drakhtar\drakhtar\debug\team.obj
c:\users\usuario\documents\drakhtar\drakhtar\debug\state.obj
c:\users\usuario\documents\drakhtar\drakhtar\debug\mainmenu.obj
c:\users\usuario\documents\drakhtar\drakhtar\debug\sdlaudiomanager.obj
c:\users\usuario\documents\drakhtar\drakhtar\debug\main.obj
c:\users\usuario\documents\drakhtar\drakhtar\debug\gamestatemachine.obj
c:\users\usuario\documents\drakhtar\drakhtar\debug\gamestate.obj
c:\users\usuario\documents\drakhtar\drakhtar\debug\gameobject.obj
c:\users\usuario\documents\drakhtar\drakhtar\debug\game.obj
c:\users\usuario\documents\drakhtar\drakhtar\debug\font.obj
c:\users\usuario\documents\drakhtar\drakhtar\debug\dialogscene.obj
c:\users\usuario\documents\drakhtar\drakhtar\debug\dialog.obj
c:\users\usuario\documents\drakhtar\drakhtar\debug\boardcontroller.obj
c:\users\usuario\documents\drakhtar\drakhtar\debug\button.obj
c:\users\usuario\documents\drakhtar\drakhtar\debug\box.obj
c:\users\usuario\documents\drakhtar\drakhtar\debug\board.obj
c:\users\usuario\documents\drakhtar\drakhtar\debug\battalion.obj
c:\users\usuario\documents\drakhtar\drakhtar\debug\audiomanager.obj
c:\users\usuario\documents\drakhtar\drakhtar\debug\vector2d.obj
c:\users\usuario\documents\drakhtar\drakhtar\debug\unitfactory.obj
c:\users\usuario\documents\drakhtar\drakhtar\debug\unit.obj
c:\users\usuario\documents\drakhtar\drakhtar\debug\turnbar.obj
c:\users\usuario\documents\drakhtar\drakhtar\debug\texturemanager.obj
c:\users\usuario\documents\drakhtar\drakhtar\debug\pause.obj
c:\users\usuario\documents\drakhtar\drakhtar\debug\fontmanager.obj
c:\users\usuario\documents\drakhtar\drakhtar\debug\dialogcontroller.obj
c:\users\usuario\documents\drakhtar\bin\drakhtardebug.exe
c:\users\usuario\documents\drakhtar\bin\drakhtardebug.ilk
c:\users\usuario\documents\drakhtar\bin\drakhtardebug.pdb
c:\users\usuario\documents\drakhtar\drakhtar\debug\drakhtar.tlog\cl.command.1.tlog
c:\users\usuario\documents\drakhtar\drakhtar\debug\drakhtar.tlog\cl.read.1.tlog
c:\users\usuario\documents\drakhtar\drakhtar\debug\drakhtar.tlog\cl.write.1.tlog
c:\users\usuario\documents\drakhtar\drakhtar\debug\drakhtar.tlog\link.command.1.tlog
c:\users\usuario\documents\drakhtar\drakhtar\debug\drakhtar.tlog\link.read.1.tlog
c:\users\usuario\documents\drakhtar\drakhtar\debug\drakhtar.tlog\link.write.1.tlog
